\BOOKMARK [1][-]{section.1}{\376\377\000V\000e\000c\000t\000o\000r\000\040\000A\000l\000g\000e\000b\000r\000a}{}% 1
\BOOKMARK [2][-]{subsection.1.1}{\376\377\000S\000c\000a\000l\000a\000r\000s\000\040\000a\000n\000d\000\040\000V\000e\000c\000t\000o\000r\000s}{section.1}% 2
\BOOKMARK [2][-]{subsection.1.2}{\376\377\000P\000r\000o\000d\000u\000c\000t\000s\000\040\000o\000f\000\040\000V\000e\000c\000t\000o\000r\000s}{section.1}% 3
\BOOKMARK [2][-]{subsection.1.3}{\376\377\000F\000i\000e\000l\000d\000s}{section.1}% 4
\BOOKMARK [2][-]{subsection.1.4}{\376\377\000S\000y\000s\000t\000e\000m\000s\000\040\000o\000f\000\040\000C\000o\000o\000r\000d\000i\000n\000a\000t\000e\000s}{section.1}% 5
\BOOKMARK [2][-]{subsection.1.5}{\376\377\000P\000o\000s\000i\000t\000i\000o\000n\000\040\000V\000e\000c\000t\000o\000r\000s}{section.1}% 6
\BOOKMARK [1][-]{section.2}{\376\377\000V\000e\000c\000t\000o\000r\000\040\000C\000a\000l\000c\000u\000l\000u\000s}{}% 7
\BOOKMARK [2][-]{subsection.2.1}{\376\377\000I\000n\000t\000e\000g\000r\000a\000t\000i\000o\000n}{section.2}% 8
\BOOKMARK [3][-]{subsubsection.2.1.1}{\376\377\000L\000i\000n\000e\000\040\000I\000n\000t\000e\000g\000r\000a\000l\000s}{subsection.2.1}% 9
\BOOKMARK [3][-]{subsubsection.2.1.2}{\376\377\000S\000u\000r\000f\000a\000c\000e\000\040\000I\000n\000t\000e\000g\000r\000a\000l\000s}{subsection.2.1}% 10
\BOOKMARK [3][-]{subsubsection.2.1.3}{\376\377\000V\000o\000l\000u\000m\000e\000\040\000I\000n\000t\000e\000g\000r\000a\000l\000s}{subsection.2.1}% 11
\BOOKMARK [2][-]{subsection.2.2}{\376\377\000D\000i\000f\000f\000e\000r\000e\000n\000t\000i\000a\000t\000i\000o\000n}{section.2}% 12
\BOOKMARK [3][-]{subsubsection.2.2.1}{\376\377\000G\000r\000a\000d\000i\000e\000n\000t}{subsection.2.2}% 13
\BOOKMARK [3][-]{subsubsection.2.2.2}{\376\377\000D\000i\000v\000e\000r\000g\000e\000n\000c\000e}{subsection.2.2}% 14
\BOOKMARK [3][-]{subsubsection.2.2.3}{\376\377\000C\000i\000r\000c\000u\000l\000a\000t\000i\000o\000n}{subsection.2.2}% 15
\BOOKMARK [1][-]{section.3}{\376\377\000E\000l\000e\000c\000t\000r\000i\000c\000\040\000F\000i\000e\000l\000d}{}% 16
\BOOKMARK [2][-]{subsection.3.1}{\376\377\000C\000h\000a\000r\000g\000e}{section.3}% 17
\BOOKMARK [2][-]{subsection.3.2}{\376\377\000C\000o\000u\000l\000o\000m\000b\000'\000s\000\040\000L\000a\000w}{section.3}% 18
\BOOKMARK [2][-]{subsection.3.3}{\376\377\000E\000l\000e\000c\000t\000r\000i\000c\000\040\000F\000i\000e\000l\000d}{section.3}% 19
\BOOKMARK [2][-]{subsection.3.4}{\376\377\000E\000l\000e\000c\000t\000r\000i\000c\000\040\000F\000l\000u\000x}{section.3}% 20
\BOOKMARK [1][-]{section.4}{\376\377\000E\000l\000e\000c\000t\000r\000i\000c\000\040\000P\000o\000t\000e\000n\000t\000i\000a\000l}{}% 21
\BOOKMARK [2][-]{subsection.4.1}{\376\377\000E\000l\000e\000c\000t\000r\000i\000s\000t\000a\000t\000i\000c\000\040\000F\000i\000e\000l\000d}{section.4}% 22
\BOOKMARK [2][-]{subsection.4.2}{\376\377\000G\000a\000u\000s\000s\000'\000s\000\040\000L\000a\000w}{section.4}% 23
\BOOKMARK [2][-]{subsection.4.3}{\376\377\000E\000l\000e\000c\000t\000r\000i\000c\000\040\000P\000o\000t\000e\000n\000t\000i\000a\000l}{section.4}% 24
\BOOKMARK [2][-]{subsection.4.4}{\376\377\000M\000a\000t\000e\000r\000i\000a\000l\000s\000\040\000i\000n\000\040\000t\000h\000e\000\040\000E\000l\000e\000c\000t\000r\000i\000c\000\040\000F\000i\000e\000l\000d}{section.4}% 25
\BOOKMARK [2][-]{subsection.4.5}{\376\377\000I\000n\000t\000e\000r\000f\000a\000c\000e\000\040\000C\000o\000n\000d\000i\000t\000i\000o\000n\000s}{section.4}% 26
\BOOKMARK [2][-]{subsection.4.6}{\376\377\000C\000a\000p\000a\000c\000i\000t\000a\000n\000c\000e}{section.4}% 27
\BOOKMARK [2][-]{subsection.4.7}{\376\377\000E\000n\000e\000r\000g\000y\000\040\000i\000n\000\040\000t\000h\000e\000\040\000E\000l\000e\000c\000t\000r\000o\000s\000t\000a\000t\000i\000c\000\040\000F\000i\000e\000l\000d}{section.4}% 28
\BOOKMARK [1][-]{section.5}{\376\377\000B\000o\000u\000n\000d\000a\000r\000y\000\040\000V\000a\000l\000u\000e}{}% 29
\BOOKMARK [2][-]{subsection.5.1}{\376\377\000P\000o\000i\000s\000s\000o\000n\000'\000s\000\040\000E\000q\000u\000a\000t\000i\000o\000n\000\040\000f\000o\000r\000\040\000t\000h\000e\000\040\000E\000l\000e\000c\000t\000r\000o\000s\000t\000a\000t\000i\000c\000\040\000F\000i\000e\000l\000d}{section.5}% 30
\BOOKMARK [2][-]{subsection.5.2}{\376\377\000L\000a\000p\000l\000a\000c\000e\000'\000s\000\040\000E\000q\000u\000a\000t\000i\000o\000n\000\040\000f\000o\000r\000\040\000t\000h\000e\000\040\000E\000l\000e\000c\000t\000r\000o\000s\000t\000a\000t\000i\000c\000\040\000F\000i\000e\000l\000d}{section.5}% 31
\BOOKMARK [1][-]{section.6}{\376\377\000S\000t\000e\000a\000d\000y\000\040\000E\000l\000e\000c\000t\000r\000i\000c\000\040\000C\000u\000r\000r\000e\000n\000t}{}% 32
\BOOKMARK [2][-]{subsection.6.1}{\376\377\000C\000o\000n\000s\000e\000r\000v\000a\000t\000i\000o\000n\000\040\000o\000f\000\040\000C\000h\000a\000r\000g\000e}{section.6}% 33
\BOOKMARK [2][-]{subsection.6.2}{\376\377\000C\000o\000n\000d\000u\000c\000t\000o\000r\000s\000,\000\040\000D\000i\000e\000l\000e\000c\000t\000r\000i\000c\000s\000\040\000a\000n\000d\000\040\000L\000o\000s\000s\000y\000\040\000D\000i\000e\000l\000e\000c\000t\000r\000i\000c\000s}{section.6}% 34
\BOOKMARK [2][-]{subsection.6.3}{\376\377\000O\000h\000m\000'\000s\000\040\000L\000a\000w}{section.6}% 35
\BOOKMARK [2][-]{subsection.6.4}{\376\377\000P\000o\000w\000e\000r\000\040\000D\000i\000s\000s\000i\000p\000a\000t\000i\000o\000n\000\040\000a\000n\000d\000\040\000J\000o\000u\000l\000e\000'\000s\000\040\000L\000a\000w}{section.6}% 36
\BOOKMARK [2][-]{subsection.6.5}{\376\377\000T\000h\000e\000\040\000C\000o\000n\000t\000i\000n\000u\000i\000t\000y\000\040\000E\000q\000u\000a\000t\000i\000o\000n\000\040\000a\000n\000d\000\040\000K\000i\000r\000c\000h\000h\000o\000f\000f\000'\000s\000\040\000C\000u\000r\000r\000e\000n\000t\000\040\000L\000a\000w}{section.6}% 37
\BOOKMARK [2][-]{subsection.6.6}{\376\377\000C\000u\000r\000r\000e\000n\000t\000\040\000D\000e\000n\000s\000i\000t\000y\000\040\000a\000s\000\040\000a\000\040\000F\000i\000e\000l\000d}{section.6}% 38
\BOOKMARK [2][-]{subsection.6.7}{\376\377\000I\000n\000t\000e\000r\000f\000a\000c\000e\000\040\000C\000o\000n\000d\000i\000t\000i\000o\000n\000s\000\040\000f\000o\000r\000\040\000C\000u\000r\000r\000e\000n\000t\000\040\000D\000e\000n\000s\000i\000t\000y}{section.6}% 39
\BOOKMARK [1][-]{section.7}{\376\377\000S\000t\000a\000t\000i\000c\000\040\000M\000a\000g\000n\000e\000t\000i\000c\000\040\000F\000i\000e\000l\000d}{}% 40
\BOOKMARK [2][-]{subsection.7.1}{\376\377\000M\000a\000g\000n\000e\000t\000i\000c\000\040\000F\000i\000e\000l\000d}{section.7}% 41
\BOOKMARK [2][-]{subsection.7.2}{\376\377\000B\000i\000o\000t\000-\000S\000a\000v\000a\000r\000t\000\040\000L\000a\000w}{section.7}% 42
\BOOKMARK [2][-]{subsection.7.3}{\376\377\000A\000m\000p\000\350\000r\000e\000'\000s\000\040\000L\000a\000w}{section.7}% 43
\BOOKMARK [2][-]{subsection.7.4}{\376\377\000M\000a\000g\000n\000e\000t\000i\000c\000\040\000F\000l\000u\000x}{section.7}% 44
\BOOKMARK [2][-]{subsection.7.5}{\376\377\000S\000t\000a\000t\000i\000c\000\040\000M\000a\000g\000n\000e\000t\000i\000c\000\040\000F\000i\000e\000l\000d}{section.7}% 45
\BOOKMARK [2][-]{subsection.7.6}{\376\377\000P\000o\000t\000e\000n\000t\000i\000a\000l\000\040\000F\000u\000n\000c\000t\000i\000o\000n\000s}{section.7}% 46
\BOOKMARK [1][-]{section.8}{\376\377\000M\000a\000g\000n\000e\000t\000i\000c\000\040\000M\000a\000t\000e\000r\000i\000a\000l\000s\000\040\000a\000n\000d\000\040\000P\000r\000o\000p\000e\000r\000t\000i\000e\000s}{}% 47
\BOOKMARK [2][-]{subsection.8.1}{\376\377\000M\000a\000g\000n\000e\000t\000i\000c\000\040\000P\000r\000o\000p\000e\000r\000t\000i\000e\000s\000\040\000o\000f\000\040\000M\000a\000t\000e\000r\000i\000a\000l\000s}{section.8}% 48
\BOOKMARK [2][-]{subsection.8.2}{\376\377\000M\000a\000g\000n\000e\000t\000i\000c\000\040\000I\000n\000t\000e\000r\000f\000a\000c\000e\000\040\000C\000o\000n\000d\000i\000t\000i\000o\000n\000s}{section.8}% 49
\BOOKMARK [2][-]{subsection.8.3}{\376\377\000I\000n\000d\000u\000c\000t\000a\000n\000c\000e\000\040\000a\000n\000d\000\040\000I\000n\000d\000u\000c\000t\000o\000r\000s}{section.8}% 50
\BOOKMARK [2][-]{subsection.8.4}{\376\377\000E\000n\000e\000r\000g\000y\000\040\000S\000t\000o\000r\000e\000d\000\040\000i\000n\000\040\000t\000h\000e\000\040\000M\000a\000g\000n\000e\000t\000i\000c\000\040\000F\000i\000e\000l\000d}{section.8}% 51
\BOOKMARK [2][-]{subsection.8.5}{\376\377\000M\000a\000g\000n\000e\000t\000i\000c\000\040\000C\000i\000r\000c\000u\000i\000t\000s}{section.8}% 52
\BOOKMARK [2][-]{subsection.8.6}{\376\377\000F\000o\000r\000c\000e\000s\000\040\000i\000n\000\040\000t\000h\000e\000\040\000M\000a\000g\000n\000e\000t\000i\000c\000\040\000F\000i\000e\000l\000d}{section.8}% 53
\BOOKMARK [2][-]{subsection.8.7}{\376\377\000T\000o\000r\000q\000u\000e}{section.8}% 54
\BOOKMARK [1][-]{section.9}{\376\377\000I\000n\000d\000u\000c\000t\000i\000o\000n}{}% 55
\BOOKMARK [2][-]{subsection.9.1}{\376\377\000F\000a\000r\000a\000d\000a\000y\000'\000s\000\040\000L\000a\000w}{section.9}% 56
\BOOKMARK [2][-]{subsection.9.2}{\376\377\000L\000e\000n\000z\000'\000s\000\040\000L\000a\000w}{section.9}% 57
\BOOKMARK [2][-]{subsection.9.3}{\376\377\000M\000o\000t\000i\000o\000n\000a\000l\000\040\000E\000l\000e\000c\000t\000r\000o\000m\000o\000t\000i\000v\000e\000\040\000F\000o\000r\000c\000e}{section.9}% 58
\BOOKMARK [1][-]{section.10}{\376\377\000M\000a\000x\000w\000e\000l\000l\000\040\000E\000q\000u\000a\000t\000i\000o\000n\000s}{}% 59
\BOOKMARK [2][-]{subsection.10.1}{\376\377\000M\000a\000x\000w\000e\000l\000l\000'\000s\000\040\000E\000q\000u\000a\000t\000i\000o\000n\000s}{section.10}% 60
\BOOKMARK [2][-]{subsection.10.2}{\376\377\000T\000i\000m\000e\000-\000D\000e\000p\000e\000n\000d\000e\000n\000t\000\040\000P\000o\000t\000e\000n\000t\000i\000a\000l\000\040\000F\000u\000n\000c\000t\000i\000o\000n\000s}{section.10}% 61
\BOOKMARK [2][-]{subsection.10.3}{\376\377\000I\000n\000t\000e\000r\000f\000a\000c\000e\000\040\000C\000o\000n\000d\000i\000t\000i\000o\000n\000s\000\040\000f\000o\000r\000\040\000t\000h\000e\000\040\000E\000l\000e\000c\000t\000r\000o\000m\000a\000g\000n\000e\000t\000i\000c\000\040\000F\000i\000e\000l\000d}{section.10}% 62
\BOOKMARK [2][-]{subsection.10.4}{\376\377\000P\000a\000r\000t\000i\000c\000u\000l\000a\000r\000\040\000F\000o\000r\000m\000s\000\040\000o\000f\000\040\000M\000a\000x\000w\000e\000l\000l\000'\000s\000\040\000E\000q\000u\000a\000t\000i\000o\000n\000s}{section.10}% 63
